<?xml version="1.0" encoding="UTF-8" ?>
<testsuites name="vitest tests" tests="14" failures="0" errors="0" time="0.905144313">
    <testsuite name="tests/integration/auth.test.js" timestamp="2026-04-16T12:40:51.113Z" hostname="783dccb940c7" tests="14" failures="0" errors="0" skipped="0" time="0.905144313">
        <testcase classname="tests/integration/auth.test.js" name="GET /health &gt; returns 200 with database connected" time="0.117382438">
        </testcase>
        <testcase classname="tests/integration/auth.test.js" name="POST /api/auth/anonymous &gt; creates an anonymous user and returns a JWT" time="0.12678053">
        </testcase>
        <testcase classname="tests/integration/auth.test.js" name="POST /api/auth/anonymous &gt; returns a token that passes /api/auth/verify" time="0.104266977">
        </testcase>
        <testcase classname="tests/integration/auth.test.js" name="POST /api/auth/login &gt; logs in the seeded user with correct credentials" time="0.10840666">
        </testcase>
        <testcase classname="tests/integration/auth.test.js" name="POST /api/auth/login &gt; rejects login with wrong password" time="0.101845433">
        </testcase>
        <testcase classname="tests/integration/auth.test.js" name="POST /api/auth/login &gt; rejects login with non-existent email" time="0.004806912">
        </testcase>
        <testcase classname="tests/integration/auth.test.js" name="POST /api/auth/login &gt; rejects login when email is missing" time="0.005063212">
        </testcase>
        <testcase classname="tests/integration/auth.test.js" name="POST /api/auth/login (admin) &gt; logs in the seeded admin and returns admin role" time="0.091526659">
        </testcase>
        <testcase classname="tests/integration/auth.test.js" name="GET /api/auth/verify &gt; returns user info for a valid token" time="0.112232385">
        </testcase>
        <testcase classname="tests/integration/auth.test.js" name="GET /api/auth/verify &gt; returns 401 when no token is provided" time="0.001918452">
        </testcase>
        <testcase classname="tests/integration/auth.test.js" name="GET /api/auth/verify &gt; returns 403 for an invalid/tampered token" time="0.001873198">
        </testcase>
        <testcase classname="tests/integration/auth.test.js" name="POST /api/auth/setup &gt; creates a new admin via the setup endpoint" time="0.111681642">
        </testcase>
        <testcase classname="tests/integration/auth.test.js" name="POST /api/auth/setup &gt; returns 409 when admin email already exists" time="0.007037154">
        </testcase>
        <testcase classname="tests/integration/auth.test.js" name="Unknown routes &gt; returns 404 for non-existent API paths" time="0.003721822">
        </testcase>
    </testsuite>
</testsuites>
